d:\work\kcplib\assets\kcplib\nativebuild\windows\windows\debug\vc140.pdb
d:\work\kcplib\assets\kcplib\nativebuild\windows\windows\debug\vc140.idb
d:\work\kcplib\assets\kcplib\nativebuild\windows\windows\debug\fec.obj
d:\work\kcplib\assets\kcplib\nativebuild\windows\windows\debug\galois.obj
d:\work\kcplib\assets\kcplib\nativebuild\windows\windows\debug\galois_noasm.obj
d:\work\kcplib\assets\kcplib\nativebuild\windows\windows\debug\inversion_tree.obj
d:\work\kcplib\assets\kcplib\nativebuild\windows\windows\debug\matrix.obj
d:\work\kcplib\assets\kcplib\nativebuild\windows\windows\debug\reedsolomon.obj
d:\work\kcplib\assets\kcplib\nativebuild\windows\windows\debug\sess.obj
d:\work\kcplib\assets\kcplib\nativebuild\windows\windows\debug\wrap.obj
d:\work\kcplib\assets\kcplib\nativebuild\windows\windows\debug\stdafx.obj
d:\work\kcplib\assets\kcplib\nativebuild\windows\windows\debug\windows.obj
d:\work\kcplib\assets\kcplib\nativebuild\windows\windows\debug\galois_table.obj
d:\work\kcplib\assets\kcplib\nativebuild\windows\windows\debug\ikcp.obj
d:\work\kcplib\assets\kcplib\nativebuild\windows\windows\debug\dllmain.obj
d:\work\kcplib\assets\kcplib\nativebuild\windows\windows\debug\forwindows.obj
d:\work\kcplib\assets\kcplib\nativebuild\plugins\x86\kcplib.ilk
d:\work\kcplib\assets\kcplib\nativebuild\plugins\x86\kcplib.dll
d:\work\kcplib\assets\kcplib\nativebuild\windows\debug\windows.pdb
d:\work\kcplib\assets\kcplib\nativebuild\windows\debug\windows.lib
d:\work\kcplib\assets\kcplib\nativebuild\windows\debug\windows.exp
d:\work\kcplib\assets\kcplib\nativebuild\windows\windows\debug\dllmain.obj.meta
d:\work\kcplib\assets\kcplib\nativebuild\windows\windows\debug\fec.obj.meta
d:\work\kcplib\assets\kcplib\nativebuild\windows\windows\debug\forwindows.obj.meta
d:\work\kcplib\assets\kcplib\nativebuild\windows\windows\debug\galois.obj.meta
d:\work\kcplib\assets\kcplib\nativebuild\windows\windows\debug\galois_noasm.obj.meta
d:\work\kcplib\assets\kcplib\nativebuild\windows\windows\debug\galois_table.obj.meta
d:\work\kcplib\assets\kcplib\nativebuild\windows\windows\debug\ikcp.obj.meta
d:\work\kcplib\assets\kcplib\nativebuild\windows\windows\debug\inversion_tree.obj.meta
d:\work\kcplib\assets\kcplib\nativebuild\windows\windows\debug\matrix.obj.meta
d:\work\kcplib\assets\kcplib\nativebuild\windows\windows\debug\reedsolomon.obj.meta
d:\work\kcplib\assets\kcplib\nativebuild\windows\windows\debug\sess.obj.meta
d:\work\kcplib\assets\kcplib\nativebuild\windows\windows\debug\stdafx.obj.meta
d:\work\kcplib\assets\kcplib\nativebuild\windows\windows\debug\vc140.idb.meta
d:\work\kcplib\assets\kcplib\nativebuild\windows\windows\debug\vc140.pdb.meta
d:\work\kcplib\assets\kcplib\nativebuild\windows\windows\debug\windows.log.meta
d:\work\kcplib\assets\kcplib\nativebuild\windows\windows\debug\windows.obj.meta
d:\work\kcplib\assets\kcplib\nativebuild\windows\windows\debug\windows.tlog.meta
d:\work\kcplib\assets\kcplib\nativebuild\windows\windows\debug\wrap.obj.meta
d:\work\kcplib\assets\kcplib\nativebuild\windows\windows\debug\windows.tlog\cl.command.1.tlog.meta
d:\work\kcplib\assets\kcplib\nativebuild\windows\windows\debug\windows.tlog\cl.read.1.tlog.meta
d:\work\kcplib\assets\kcplib\nativebuild\windows\windows\debug\windows.tlog\cl.write.1.tlog.meta
d:\work\kcplib\assets\kcplib\nativebuild\windows\windows\debug\windows.tlog\link.command.1.tlog.meta
d:\work\kcplib\assets\kcplib\nativebuild\windows\windows\debug\windows.tlog\link.read.1.tlog.meta
d:\work\kcplib\assets\kcplib\nativebuild\windows\windows\debug\windows.tlog\link.write.1.tlog.meta
d:\work\kcplib\assets\kcplib\nativebuild\windows\windows\debug\windows.tlog\windows.lastbuildstate.meta
d:\work\kcplib\assets\kcplib\nativebuild\windows\windows\debug\windows.tlog\windows.write.1u.tlog.meta
d:\work\kcplib\assets\kcplib\nativebuild\windows\windows\debug\windows.tlog\cl.command.1.tlog
d:\work\kcplib\assets\kcplib\nativebuild\windows\windows\debug\windows.tlog\cl.read.1.tlog
d:\work\kcplib\assets\kcplib\nativebuild\windows\windows\debug\windows.tlog\cl.write.1.tlog
d:\work\kcplib\assets\kcplib\nativebuild\windows\windows\debug\windows.tlog\link.command.1.tlog
d:\work\kcplib\assets\kcplib\nativebuild\windows\windows\debug\windows.tlog\link.read.1.tlog
d:\work\kcplib\assets\kcplib\nativebuild\windows\windows\debug\windows.tlog\link.write.1.tlog
d:\work\kcplib\assets\kcplib\nativebuild\windows\windows\debug\windows.tlog\windows.write.1u.tlog
